23-02-16 18:29:40 , Clusters.txt not found. Use Default fail over rules
23-02-16 18:29:40 , Sending previous unsend requests
23-02-16 18:29:40 , VcHttpClientManager successfully initialized.Agent = VcClient/1.0.0.0/1.8.448.8076 CompilerHost/unknown/unknown
23-02-16 18:29:40 , SubmitHttpRequest:requestHandle=0xf8871bb0,cluster=cosmos11.osdinfra.net
23-02-16 18:29:40 , CreateNewServerContext hostName=cosmos11.osdinfra.net, port=443
23-02-16 18:29:40 , Connection context created .HostName=cosmos11.osdinfra.net, port=443
23-02-16 18:29:40 , Received response with http status code : 200
23-02-16 18:29:41 , SubmitHttpRequest:requestHandle=0xf8873820,cluster=cosmos11.osdinfra.net
23-02-16 18:29:45 , Received response with http status code : 200
23-02-16 18:29:45 , SubmitHttpRequest:requestHandle=0xf8872980,cluster=cosmos11.osdinfra.net
23-02-16 18:29:45 , Received response with http status code : 200
23-02-16 18:29:46 , SubmitHttpRequest:requestHandle=0xf8873750,cluster=cosmos11.osdinfra.net
23-02-16 18:29:46 , Received response with http status code : 200
23-02-16 18:29:48 , SubmitHttpRequest:requestHandle=0xf8871bb0,cluster=cosmos11.osdinfra.net
23-02-16 18:29:48 , Received response with http status code : 200
23-02-16 18:29:49 , SubmitHttpRequest:requestHandle=0xf8873680,cluster=cosmos11.osdinfra.net
23-02-16 18:29:49 , Received response with http status code : 200
23-02-16 18:29:51 , SubmitHttpRequest:requestHandle=0xf8872160,cluster=cosmos11.osdinfra.net
23-02-16 18:29:51 , Received response with http status code : 200
23-02-16 18:29:52 , SubmitHttpRequest:requestHandle=0xf8872160,cluster=cosmos11.osdinfra.net
23-02-16 18:29:52 , Received response with http status code : 200
23-02-16 18:29:53 , SubmitHttpRequest:requestHandle=0xf8872300,cluster=cosmos11.osdinfra.net
23-02-16 18:29:53 , Received response with http status code : 200
23-02-16 18:29:54 , SubmitHttpRequest:requestHandle=0xf8872640,cluster=cosmos11.osdinfra.net
23-02-16 18:29:54 , Received response with http status code : 200
23-02-16 18:29:55 , SubmitHttpRequest:requestHandle=0xf8871ef0,cluster=cosmos11.osdinfra.net
23-02-16 18:29:55 , Received response with http status code : 200
23-02-16 18:29:56 , SubmitHttpRequest:requestHandle=0xf8871ef0,cluster=cosmos11.osdinfra.net
23-02-16 18:29:56 , Received response with http status code : 200
23-02-16 18:29:57 , SubmitHttpRequest:requestHandle=0xf8871ef0,cluster=cosmos11.osdinfra.net
23-02-16 18:29:57 , Received response with http status code : 200
23-02-16 18:29:58 , SubmitHttpRequest:requestHandle=0xf88739c0,cluster=cosmos11.osdinfra.net
23-02-16 18:29:58 , Received response with http status code : 200
23-02-16 18:30:00 , SubmitHttpRequest:requestHandle=0xf8872640,cluster=cosmos11.osdinfra.net
23-02-16 18:30:00 , Received response with http status code : 200
23-02-16 18:30:01 , SubmitHttpRequest:requestHandle=0xf8872300,cluster=cosmos11.osdinfra.net
23-02-16 18:30:01 , Received response with http status code : 200
23-02-16 18:30:02 , SubmitHttpRequest:requestHandle=0xf8871ef0,cluster=cosmos11.osdinfra.net
23-02-16 18:30:02 , Received response with http status code : 200
23-02-16 18:30:03 , SubmitHttpRequest:requestHandle=0xf8873340,cluster=cosmos11.osdinfra.net
23-02-16 18:30:03 , Received response with http status code : 200
23-02-16 18:30:04 , SubmitHttpRequest:requestHandle=0xf8872300,cluster=cosmos11.osdinfra.net
23-02-16 18:30:04 , Received response with http status code : 200
23-02-16 18:30:05 , SubmitHttpRequest:requestHandle=0xf88739c0,cluster=cosmos11.osdinfra.net
23-02-16 18:30:05 , Received response with http status code : 200
23-02-16 18:30:06 , SubmitHttpRequest:requestHandle=0xf8873270,cluster=cosmos11.osdinfra.net
23-02-16 18:30:06 , Received response with http status code : 200
23-02-16 18:30:06 , SubmitHttpRequest:requestHandle=0xf8872640,cluster=cosmos11.osdinfra.net
23-02-16 18:30:07 , Received response with http status code : 200
23-02-16 18:30:07 , SubmitHttpRequest:requestHandle=0xf88724a0,cluster=cosmos11.osdinfra.net
23-02-16 18:30:07 , Received response with http status code : 200
23-02-16 18:30:08 , SubmitHttpRequest:requestHandle=0xf8872160,cluster=cosmos11.osdinfra.net
23-02-16 18:30:08 , Received response with http status code : 200
23-02-16 18:30:09 , SubmitHttpRequest:requestHandle=0xf88724a0,cluster=cosmos11.osdinfra.net
23-02-16 18:30:09 , Received response with http status code : 200
23-02-16 18:30:10 , SubmitHttpRequest:requestHandle=0xf88735b0,cluster=cosmos11.osdinfra.net
23-02-16 18:30:10 , Received response with http status code : 200
23-02-16 18:30:11 , SubmitHttpRequest:requestHandle=0xf88730d0,cluster=cosmos11.osdinfra.net
23-02-16 18:30:11 , Received response with http status code : 200
23-02-16 18:30:12 , SubmitHttpRequest:requestHandle=0xf8873270,cluster=cosmos11.osdinfra.net
23-02-16 18:30:12 , Received response with http status code : 200
23-02-16 18:30:13 , SubmitHttpRequest:requestHandle=0xf8872570,cluster=cosmos11.osdinfra.net
23-02-16 18:30:13 , Received response with http status code : 200
23-02-16 18:30:14 , SubmitHttpRequest:requestHandle=0xf8873000,cluster=cosmos11.osdinfra.net
23-02-16 18:30:14 , Received response with http status code : 200
23-02-16 18:30:15 , SubmitHttpRequest:requestHandle=0xf88723d0,cluster=cosmos11.osdinfra.net
23-02-16 18:30:15 , Received response with http status code : 200
23-02-16 18:30:16 , SubmitHttpRequest:requestHandle=0xf8873000,cluster=cosmos11.osdinfra.net
23-02-16 18:30:16 , Received response with http status code : 200
23-02-16 18:30:17 , SubmitHttpRequest:requestHandle=0xf88724a0,cluster=cosmos11.osdinfra.net
23-02-16 18:30:17 , Received response with http status code : 200
23-02-16 18:30:17 , SubmitHttpRequest:requestHandle=0xf88727e0,cluster=cosmos11.osdinfra.net
23-02-16 18:30:17 , Received response with http status code : 200
23-02-16 18:30:19 , SubmitHttpRequest:requestHandle=0xf88723d0,cluster=cosmos11.osdinfra.net
23-02-16 18:30:19 , Received response with http status code : 200
23-02-16 18:30:20 , SubmitHttpRequest:requestHandle=0xf8873000,cluster=cosmos11.osdinfra.net
23-02-16 18:30:20 , Received response with http status code : 200
23-02-16 18:30:21 , SubmitHttpRequest:requestHandle=0xf8873750,cluster=cosmos11.osdinfra.net
23-02-16 18:30:21 , Received response with http status code : 200
23-02-16 18:30:22 , SubmitHttpRequest:requestHandle=0xf88723d0,cluster=cosmos11.osdinfra.net
23-02-16 18:30:22 , Received response with http status code : 200
23-02-16 18:30:22 , SubmitHttpRequest:requestHandle=0xf8872e60,cluster=cosmos11.osdinfra.net
23-02-16 18:30:22 , Received response with http status code : 200
23-02-16 18:30:23 , SubmitHttpRequest:requestHandle=0xf8873270,cluster=cosmos11.osdinfra.net
23-02-16 18:30:23 , Received response with http status code : 200
23-02-16 18:30:24 , SubmitHttpRequest:requestHandle=0xf8873820,cluster=cosmos11.osdinfra.net
23-02-16 18:30:24 , Received response with http status code : 200
23-02-16 18:30:25 , SubmitHttpRequest:requestHandle=0xf8872160,cluster=cosmos11.osdinfra.net
23-02-16 18:30:25 , Received response with http status code : 200
23-02-16 18:30:26 , SubmitHttpRequest:requestHandle=0xf8872e60,cluster=cosmos11.osdinfra.net
23-02-16 18:30:26 , Received response with http status code : 200
23-02-16 18:30:27 , SubmitHttpRequest:requestHandle=0xf88735b0,cluster=cosmos11.osdinfra.net
23-02-16 18:30:27 , Received response with http status code : 200
23-02-16 18:30:28 , SubmitHttpRequest:requestHandle=0xf88723d0,cluster=cosmos11.osdinfra.net
23-02-16 18:30:28 , Received response with http status code : 200
23-02-16 18:30:29 , SubmitHttpRequest:requestHandle=0xf8873680,cluster=cosmos11.osdinfra.net
23-02-16 18:30:29 , Received response with http status code : 200
23-02-16 18:30:30 , SubmitHttpRequest:requestHandle=0xf8873270,cluster=cosmos11.osdinfra.net
23-02-16 18:30:30 , Received response with http status code : 200
23-02-16 18:30:50 , CosmosClientOptics.dll is already loaded
23-02-16 18:30:52 , SubmitHttpRequest:requestHandle=0xf8872980,cluster=cosmos11.osdinfra.net
23-02-16 18:30:52 , Received response with http status code : 200
23-02-16 18:31:00 , SubmitHttpRequest:requestHandle=0xf88739c0,cluster=cosmos11.osdinfra.net
23-02-16 18:31:00 , Received response with http status code : 200
23-02-16 18:31:07 , SubmitHttpRequest:requestHandle=0xf88735b0,cluster=cosmos11.osdinfra.net
23-02-16 18:31:07 , Received response with http status code : 200
23-02-16 18:31:11 , SubmitHttpRequest:requestHandle=0xf8872b20,cluster=cosmos11.osdinfra.net
23-02-16 18:31:12 , Received response with http status code : 200
23-02-16 18:31:16 , SubmitHttpRequest:requestHandle=0xf8872b20,cluster=cosmos11.osdinfra.net
23-02-16 18:31:16 , Received response with http status code : 200
24-02-16 16:47:22 , CosmosClientOptics.dll is already loaded
24-02-16 16:47:22 , SubmitHttpRequest:requestHandle=0xf8803320,cluster=cosmos11.osdinfra.net
24-02-16 16:47:22 , Received response with http status code : 200
24-02-16 16:47:24 , SubmitHttpRequest:requestHandle=0xf2a5d340,cluster=cosmos11.osdinfra.net
24-02-16 16:47:24 , Received response with http status code : 200
24-02-16 16:47:26 , SubmitHttpRequest:requestHandle=0xf2a5d340,cluster=cosmos11.osdinfra.net
24-02-16 16:47:26 , Received response with http status code : 200
24-02-16 16:47:27 , SubmitHttpRequest:requestHandle=0xf2a5d340,cluster=cosmos11.osdinfra.net
24-02-16 16:47:27 , Received response with http status code : 200
24-02-16 16:47:28 , SubmitHttpRequest:requestHandle=0xf2a5ce60,cluster=cosmos11.osdinfra.net
24-02-16 16:47:28 , Received response with http status code : 200
24-02-16 16:47:29 , SubmitHttpRequest:requestHandle=0xf2a5ce60,cluster=cosmos11.osdinfra.net
24-02-16 16:47:29 , Received response with http status code : 200
24-02-16 16:47:30 , SubmitHttpRequest:requestHandle=0xf2a5c640,cluster=cosmos11.osdinfra.net
24-02-16 16:47:30 , Received response with http status code : 200
24-02-16 16:47:31 , SubmitHttpRequest:requestHandle=0xf2a5d410,cluster=cosmos11.osdinfra.net
24-02-16 16:47:31 , Received response with http status code : 200
24-02-16 16:47:32 , SubmitHttpRequest:requestHandle=0xf2a5c640,cluster=cosmos11.osdinfra.net
24-02-16 16:47:32 , Received response with http status code : 200
24-02-16 16:47:33 , SubmitHttpRequest:requestHandle=0xf2a5ce60,cluster=cosmos11.osdinfra.net
24-02-16 16:47:33 , Received response with http status code : 200
24-02-16 16:47:34 , SubmitHttpRequest:requestHandle=0xf2a5c640,cluster=cosmos11.osdinfra.net
24-02-16 16:47:34 , Received response with http status code : 200
24-02-16 16:47:35 , SubmitHttpRequest:requestHandle=0xf2a5c570,cluster=cosmos11.osdinfra.net
24-02-16 16:47:35 , Received response with http status code : 200
24-02-16 16:47:48 , CosmosClientOptics.dll is already loaded
24-02-16 16:47:48 , SubmitHttpRequest:requestHandle=0xf8872b20,cluster=cosmos11.osdinfra.net
24-02-16 16:47:48 , Received response with http status code : 200
24-02-16 16:47:49 , SubmitHttpRequest:requestHandle=0xf8873270,cluster=cosmos11.osdinfra.net
24-02-16 16:47:49 , Received response with http status code : 200
24-02-16 16:47:51 , SubmitHttpRequest:requestHandle=0xf8872710,cluster=cosmos11.osdinfra.net
24-02-16 16:47:51 , Received response with http status code : 200
24-02-16 16:47:52 , SubmitHttpRequest:requestHandle=0xf88727e0,cluster=cosmos11.osdinfra.net
24-02-16 16:47:52 , Received response with http status code : 200
24-02-16 16:47:53 , SubmitHttpRequest:requestHandle=0xf8873270,cluster=cosmos11.osdinfra.net
24-02-16 16:47:53 , Received response with http status code : 200
24-02-16 16:47:53 , SubmitHttpRequest:requestHandle=0xf88723d0,cluster=cosmos11.osdinfra.net
24-02-16 16:47:53 , Received response with http status code : 200
24-02-16 16:47:54 , SubmitHttpRequest:requestHandle=0xf8873270,cluster=cosmos11.osdinfra.net
24-02-16 16:47:54 , Received response with http status code : 200
24-02-16 16:47:55 , SubmitHttpRequest:requestHandle=0xf88735b0,cluster=cosmos11.osdinfra.net
24-02-16 16:47:55 , Received response with http status code : 200
24-02-16 16:47:55 , SubmitHttpRequest:requestHandle=0xf8873820,cluster=cosmos11.osdinfra.net
24-02-16 16:47:55 , Received response with http status code : 200
24-02-16 16:47:56 , SubmitHttpRequest:requestHandle=0xf8872cc0,cluster=cosmos11.osdinfra.net
24-02-16 16:47:56 , Received response with http status code : 200
24-02-16 16:47:57 , SubmitHttpRequest:requestHandle=0xf88727e0,cluster=cosmos11.osdinfra.net
24-02-16 16:47:57 , Received response with http status code : 200
24-02-16 16:47:57 , SubmitHttpRequest:requestHandle=0xf8872980,cluster=cosmos11.osdinfra.net
24-02-16 16:47:58 , Received response with http status code : 200
24-02-16 16:48:16 , CosmosClientOptics.dll is already loaded
24-02-16 16:48:16 , SubmitHttpRequest:requestHandle=0xf8872a50,cluster=cosmos11.osdinfra.net
24-02-16 16:48:16 , Received response with http status code : 200
24-02-16 16:48:17 , SubmitHttpRequest:requestHandle=0xf88735b0,cluster=cosmos11.osdinfra.net
24-02-16 16:48:18 , Received response with http status code : 200
24-02-16 16:48:19 , SubmitHttpRequest:requestHandle=0xf88735b0,cluster=cosmos11.osdinfra.net
24-02-16 16:48:19 , Received response with http status code : 200
24-02-16 16:48:20 , SubmitHttpRequest:requestHandle=0xf88735b0,cluster=cosmos11.osdinfra.net
24-02-16 16:48:20 , Received response with http status code : 200
24-02-16 16:48:21 , SubmitHttpRequest:requestHandle=0xf88735b0,cluster=cosmos11.osdinfra.net
24-02-16 16:48:21 , Received response with http status code : 200
24-02-16 16:48:21 , SubmitHttpRequest:requestHandle=0xf88723d0,cluster=cosmos11.osdinfra.net
24-02-16 16:48:21 , Received response with http status code : 200
24-02-16 16:48:22 , SubmitHttpRequest:requestHandle=0xf88728b0,cluster=cosmos11.osdinfra.net
24-02-16 16:48:22 , Received response with http status code : 200
24-02-16 16:48:23 , SubmitHttpRequest:requestHandle=0xf8873680,cluster=cosmos11.osdinfra.net
24-02-16 16:48:23 , Received response with http status code : 200
24-02-16 16:48:23 , SubmitHttpRequest:requestHandle=0xf88723d0,cluster=cosmos11.osdinfra.net
24-02-16 16:48:23 , Received response with http status code : 200
24-02-16 16:48:24 , SubmitHttpRequest:requestHandle=0xf88735b0,cluster=cosmos11.osdinfra.net
24-02-16 16:48:24 , Received response with http status code : 200
24-02-16 16:48:25 , SubmitHttpRequest:requestHandle=0xf88738f0,cluster=cosmos11.osdinfra.net
24-02-16 16:48:25 , Received response with http status code : 200
24-02-16 16:48:26 , SubmitHttpRequest:requestHandle=0xf8871d50,cluster=cosmos11.osdinfra.net
24-02-16 16:48:26 , Received response with http status code : 200
24-02-16 16:49:09 , CosmosClientOptics.dll is already loaded
24-02-16 16:49:09 , SubmitHttpRequest:requestHandle=0xf2a5d410,cluster=cosmos11.osdinfra.net
24-02-16 16:49:09 , Received response with http status code : 200
24-02-16 16:49:11 , SubmitHttpRequest:requestHandle=0xf2a5ce60,cluster=cosmos11.osdinfra.net
24-02-16 16:49:11 , Received response with http status code : 200
24-02-16 16:49:13 , SubmitHttpRequest:requestHandle=0xf2a5ce60,cluster=cosmos11.osdinfra.net
24-02-16 16:49:13 , Received response with http status code : 200
24-02-16 16:49:14 , SubmitHttpRequest:requestHandle=0xf2a5ce60,cluster=cosmos11.osdinfra.net
24-02-16 16:49:14 , Received response with http status code : 200
24-02-16 16:49:15 , SubmitHttpRequest:requestHandle=0xf2a5d340,cluster=cosmos11.osdinfra.net
24-02-16 16:49:15 , Received response with http status code : 200
24-02-16 16:49:16 , SubmitHttpRequest:requestHandle=0xf2a5ce60,cluster=cosmos11.osdinfra.net
24-02-16 16:49:16 , Received response with http status code : 200
24-02-16 16:49:17 , SubmitHttpRequest:requestHandle=0xf2a5ce60,cluster=cosmos11.osdinfra.net
24-02-16 16:49:17 , Received response with http status code : 200
24-02-16 16:49:18 , SubmitHttpRequest:requestHandle=0xf2a5ce60,cluster=cosmos11.osdinfra.net
24-02-16 16:49:21 , Received response with http status code : 200
24-02-16 16:49:21 , SubmitHttpRequest:requestHandle=0xf8873270,cluster=cosmos11.osdinfra.net
24-02-16 16:49:22 , Received response with http status code : 200
24-02-16 16:49:22 , SubmitHttpRequest:requestHandle=0xf8872710,cluster=cosmos11.osdinfra.net
24-02-16 16:49:22 , Received response with http status code : 200
24-02-16 18:02:38 , CosmosClientOptics.dll is already loaded
24-02-16 18:02:38 , SubmitHttpRequest:requestHandle=0xf2a5ce60,cluster=cosmos11.osdinfra.net
24-02-16 18:02:38 , Received response with http status code : 200
24-02-16 18:02:40 , SubmitHttpRequest:requestHandle=0xf2a5ce60,cluster=cosmos11.osdinfra.net
24-02-16 18:02:40 , Received response with http status code : 200
24-02-16 18:02:43 , SubmitHttpRequest:requestHandle=0xf2a5ce60,cluster=cosmos11.osdinfra.net
24-02-16 18:02:43 , Received response with http status code : 200
24-02-16 18:02:45 , SubmitHttpRequest:requestHandle=0xf2a5c570,cluster=cosmos11.osdinfra.net
24-02-16 18:02:45 , Received response with http status code : 200
24-02-16 18:02:47 , SubmitHttpRequest:requestHandle=0xf2a5d340,cluster=cosmos11.osdinfra.net
24-02-16 18:02:47 , Received response with http status code : 200
24-02-16 18:02:47 , SubmitHttpRequest:requestHandle=0xf2a5ce60,cluster=cosmos11.osdinfra.net
24-02-16 18:02:47 , Received response with http status code : 200
24-02-16 18:02:48 , SubmitHttpRequest:requestHandle=0xf2a5d340,cluster=cosmos11.osdinfra.net
24-02-16 18:02:49 , Received response with http status code : 200
24-02-16 18:02:49 , SubmitHttpRequest:requestHandle=0xf2a5c570,cluster=cosmos11.osdinfra.net
24-02-16 18:02:49 , Received response with http status code : 200
24-02-16 18:02:50 , SubmitHttpRequest:requestHandle=0xf2a5d340,cluster=cosmos11.osdinfra.net
24-02-16 18:02:50 , Received response with http status code : 200
24-02-16 18:02:51 , SubmitHttpRequest:requestHandle=0xf2a5c640,cluster=cosmos11.osdinfra.net
24-02-16 18:02:51 , Received response with http status code : 200
24-02-16 18:05:59 , CosmosClientOptics.dll is already loaded
24-02-16 18:06:00 , SubmitHttpRequest:requestHandle=0xf8871ae0,cluster=cosmos11.osdinfra.net
24-02-16 18:06:00 , Received response with http status code : 200
24-02-16 18:06:01 , SubmitHttpRequest:requestHandle=0xf2a5ce60,cluster=cosmos11.osdinfra.net
24-02-16 18:06:02 , Received response with http status code : 200
24-02-16 18:06:03 , SubmitHttpRequest:requestHandle=0xf2a5d0d0,cluster=cosmos11.osdinfra.net
24-02-16 18:06:03 , Received response with http status code : 200
24-02-16 18:06:04 , SubmitHttpRequest:requestHandle=0xf2a5ce60,cluster=cosmos11.osdinfra.net
24-02-16 18:06:04 , Received response with http status code : 200
24-02-16 18:06:05 , SubmitHttpRequest:requestHandle=0xf2a5d0d0,cluster=cosmos11.osdinfra.net
24-02-16 18:06:05 , Received response with http status code : 200
24-02-16 18:06:05 , SubmitHttpRequest:requestHandle=0xf2a5ce60,cluster=cosmos11.osdinfra.net
24-02-16 18:06:05 , Received response with http status code : 200
24-02-16 18:06:06 , SubmitHttpRequest:requestHandle=0xf8873820,cluster=cosmos11.osdinfra.net
24-02-16 18:06:06 , Received response with http status code : 200
24-02-16 18:06:07 , SubmitHttpRequest:requestHandle=0xf2a5ce60,cluster=cosmos11.osdinfra.net
24-02-16 18:06:07 , Received response with http status code : 200
24-02-16 18:29:28 , CosmosClientOptics.dll is already loaded
24-02-16 18:29:28 , SubmitHttpRequest:requestHandle=0xf8873270,cluster=cosmos11.osdinfra.net
24-02-16 18:29:28 , Received response with http status code : 200
24-02-16 18:29:30 , SubmitHttpRequest:requestHandle=0xf88724a0,cluster=cosmos11.osdinfra.net
24-02-16 18:29:30 , Received response with http status code : 200
24-02-16 18:29:31 , SubmitHttpRequest:requestHandle=0xf88731a0,cluster=cosmos11.osdinfra.net
24-02-16 18:29:32 , Received response with http status code : 200
24-02-16 18:29:33 , SubmitHttpRequest:requestHandle=0xf88731a0,cluster=cosmos11.osdinfra.net
24-02-16 18:29:33 , Received response with http status code : 200
24-02-16 18:29:34 , SubmitHttpRequest:requestHandle=0xf88731a0,cluster=cosmos11.osdinfra.net
24-02-16 18:29:34 , Received response with http status code : 200
24-02-16 18:29:34 , SubmitHttpRequest:requestHandle=0xf88727e0,cluster=cosmos11.osdinfra.net
24-02-16 18:29:34 , Received response with http status code : 200
24-02-16 18:29:36 , SubmitHttpRequest:requestHandle=0xf88727e0,cluster=cosmos11.osdinfra.net
24-02-16 18:29:36 , Received response with http status code : 200
24-02-16 18:29:38 , SubmitHttpRequest:requestHandle=0xf88727e0,cluster=cosmos11.osdinfra.net
24-02-16 18:29:38 , Received response with http status code : 200
24-02-16 18:29:39 , SubmitHttpRequest:requestHandle=0xf88731a0,cluster=cosmos11.osdinfra.net
24-02-16 18:29:39 , Received response with http status code : 200
24-02-16 18:32:13 , CosmosClientOptics.dll is already loaded
24-02-16 18:32:14 , SubmitHttpRequest:requestHandle=0xf8872b20,cluster=cosmos11.osdinfra.net
24-02-16 18:32:14 , Received response with http status code : 200
24-02-16 18:32:15 , SubmitHttpRequest:requestHandle=0xf8871d50,cluster=cosmos11.osdinfra.net
24-02-16 18:32:16 , Received response with http status code : 200
24-02-16 18:32:17 , SubmitHttpRequest:requestHandle=0xf8872710,cluster=cosmos11.osdinfra.net
24-02-16 18:32:17 , Received response with http status code : 200
24-02-16 18:32:18 , SubmitHttpRequest:requestHandle=0xf88734e0,cluster=cosmos11.osdinfra.net
24-02-16 18:32:18 , Received response with http status code : 200
24-02-16 18:32:18 , SubmitHttpRequest:requestHandle=0xf8873270,cluster=cosmos11.osdinfra.net
24-02-16 18:32:18 , Received response with http status code : 200
24-02-16 18:32:19 , SubmitHttpRequest:requestHandle=0xf8872b20,cluster=cosmos11.osdinfra.net
24-02-16 18:32:19 , Received response with http status code : 200
24-02-16 18:32:20 , SubmitHttpRequest:requestHandle=0xf8871d50,cluster=cosmos11.osdinfra.net
24-02-16 18:32:20 , Received response with http status code : 200
24-02-16 18:32:21 , SubmitHttpRequest:requestHandle=0xf8872b20,cluster=cosmos11.osdinfra.net
24-02-16 18:32:21 , Received response with http status code : 200
24-02-16 18:52:01 , CosmosClientOptics.dll is already loaded
24-02-16 18:52:01 , SubmitHttpRequest:requestHandle=0xf88735b0,cluster=cosmos11.osdinfra.net
24-02-16 18:52:01 , Received response with http status code : 200
24-02-16 18:52:05 , SubmitHttpRequest:requestHandle=0xf8873820,cluster=cosmos11.osdinfra.net
24-02-16 18:52:05 , Received response with http status code : 200
24-02-16 18:52:10 , SubmitHttpRequest:requestHandle=0xf88734e0,cluster=cosmos11.osdinfra.net
24-02-16 18:52:10 , Received response with http status code : 200
24-02-16 18:52:13 , SubmitHttpRequest:requestHandle=0xf8873820,cluster=cosmos11.osdinfra.net
24-02-16 18:52:13 , Received response with http status code : 200
24-02-16 18:52:14 , SubmitHttpRequest:requestHandle=0xf88734e0,cluster=cosmos11.osdinfra.net
24-02-16 18:52:14 , Received response with http status code : 200
24-02-16 18:52:15 , SubmitHttpRequest:requestHandle=0xf8871ae0,cluster=cosmos11.osdinfra.net
24-02-16 18:52:15 , Received response with http status code : 200
24-02-16 18:52:16 , SubmitHttpRequest:requestHandle=0xf88734e0,cluster=cosmos11.osdinfra.net
24-02-16 18:52:16 , Received response with http status code : 200
24-02-16 18:52:17 , SubmitHttpRequest:requestHandle=0xf88734e0,cluster=cosmos11.osdinfra.net
24-02-16 18:52:17 , Received response with http status code : 200
24-02-16 18:52:18 , SubmitHttpRequest:requestHandle=0xf8873820,cluster=cosmos11.osdinfra.net
24-02-16 18:52:18 , Received response with http status code : 200
24-02-16 19:01:57 , CosmosClientOptics.dll is already loaded
24-02-16 19:01:59 , SubmitHttpRequest:requestHandle=0xf8872bf0,cluster=cosmos11.osdinfra.net
24-02-16 19:01:59 , Received response with http status code : 200
24-02-16 19:02:01 , SubmitHttpRequest:requestHandle=0xf8872160,cluster=cosmos11.osdinfra.net
24-02-16 19:02:01 , Received response with http status code : 200
24-02-16 19:02:04 , SubmitHttpRequest:requestHandle=0xf8872a50,cluster=cosmos11.osdinfra.net
24-02-16 19:02:04 , Received response with http status code : 200
24-02-16 19:02:05 , SubmitHttpRequest:requestHandle=0xf8873820,cluster=cosmos11.osdinfra.net
24-02-16 19:02:05 , Received response with http status code : 200
24-02-16 19:02:06 , SubmitHttpRequest:requestHandle=0xf8872bf0,cluster=cosmos11.osdinfra.net
24-02-16 19:02:06 , Received response with http status code : 200
24-02-16 19:02:07 , SubmitHttpRequest:requestHandle=0xf8873820,cluster=cosmos11.osdinfra.net
24-02-16 19:02:07 , Received response with http status code : 200
24-02-16 19:02:08 , SubmitHttpRequest:requestHandle=0xf8872bf0,cluster=cosmos11.osdinfra.net
24-02-16 19:02:08 , Received response with http status code : 200
24-02-16 19:02:09 , SubmitHttpRequest:requestHandle=0xf8871d50,cluster=cosmos11.osdinfra.net
24-02-16 19:02:10 , Received response with http status code : 200
24-02-16 19:07:31 , CosmosClientOptics.dll is already loaded
24-02-16 19:07:31 , SubmitHttpRequest:requestHandle=0xf88738f0,cluster=cosmos11.osdinfra.net
24-02-16 19:07:31 , Received response with http status code : 200
24-02-16 19:07:32 , SubmitHttpRequest:requestHandle=0xf88735b0,cluster=cosmos11.osdinfra.net
24-02-16 19:07:33 , Received response with http status code : 200
24-02-16 19:07:34 , SubmitHttpRequest:requestHandle=0xf8871ae0,cluster=cosmos11.osdinfra.net
24-02-16 19:07:34 , Received response with http status code : 200
24-02-16 19:07:36 , SubmitHttpRequest:requestHandle=0xf88727e0,cluster=cosmos11.osdinfra.net
24-02-16 19:07:36 , Received response with http status code : 200
24-02-16 19:07:36 , SubmitHttpRequest:requestHandle=0xf88724a0,cluster=cosmos11.osdinfra.net
24-02-16 19:07:37 , Received response with http status code : 200
24-02-16 19:07:37 , SubmitHttpRequest:requestHandle=0xf8871ae0,cluster=cosmos11.osdinfra.net
24-02-16 19:07:37 , Received response with http status code : 200
24-02-16 19:07:38 , SubmitHttpRequest:requestHandle=0xf88734e0,cluster=cosmos11.osdinfra.net
24-02-16 19:07:38 , Received response with http status code : 200
24-02-16 19:07:39 , SubmitHttpRequest:requestHandle=0xf8871ae0,cluster=cosmos11.osdinfra.net
24-02-16 19:07:39 , Received response with http status code : 200
24-02-16 19:07:40 , SubmitHttpRequest:requestHandle=0xf88734e0,cluster=cosmos11.osdinfra.net
24-02-16 19:07:40 , Received response with http status code : 200
24-02-16 19:26:33 , CosmosClientOptics.dll is already loaded
24-02-16 19:26:34 , SubmitHttpRequest:requestHandle=0xf88738f0,cluster=cosmos11.osdinfra.net
24-02-16 19:26:34 , Received response with http status code : 200
24-02-16 19:26:36 , SubmitHttpRequest:requestHandle=0xf8872710,cluster=cosmos11.osdinfra.net
24-02-16 19:26:36 , Received response with http status code : 200
24-02-16 19:26:38 , SubmitHttpRequest:requestHandle=0xf8872710,cluster=cosmos11.osdinfra.net
24-02-16 19:26:38 , Received response with http status code : 200
24-02-16 19:26:39 , SubmitHttpRequest:requestHandle=0xf8873680,cluster=cosmos11.osdinfra.net
24-02-16 19:26:39 , Received response with http status code : 200
24-02-16 19:26:40 , SubmitHttpRequest:requestHandle=0xf8872b20,cluster=cosmos11.osdinfra.net
24-02-16 19:26:40 , Received response with http status code : 200
24-02-16 19:26:41 , SubmitHttpRequest:requestHandle=0xf8872b20,cluster=cosmos11.osdinfra.net
24-02-16 19:26:41 , Received response with http status code : 200
24-02-16 19:26:42 , SubmitHttpRequest:requestHandle=0xf8873680,cluster=cosmos11.osdinfra.net
24-02-16 19:26:42 , Received response with http status code : 200
24-02-16 19:26:42 , SubmitHttpRequest:requestHandle=0xf8872710,cluster=cosmos11.osdinfra.net
24-02-16 19:26:42 , Received response with http status code : 200
24-02-16 19:26:43 , SubmitHttpRequest:requestHandle=0xf88724a0,cluster=cosmos11.osdinfra.net
24-02-16 19:26:43 , Received response with http status code : 200
24-02-16 19:26:44 , SubmitHttpRequest:requestHandle=0xf88724a0,cluster=cosmos11.osdinfra.net
24-02-16 19:26:44 , Received response with http status code : 200
24-02-16 19:26:45 , SubmitHttpRequest:requestHandle=0xf88724a0,cluster=cosmos11.osdinfra.net
24-02-16 19:26:45 , Received response with http status code : 200
24-02-16 19:26:46 , SubmitHttpRequest:requestHandle=0xf8872b20,cluster=cosmos11.osdinfra.net
24-02-16 19:26:46 , Received response with http status code : 200
24-02-16 19:26:47 , SubmitHttpRequest:requestHandle=0xf8873680,cluster=cosmos11.osdinfra.net
24-02-16 19:26:47 , Received response with http status code : 200
24-02-16 19:26:47 , SubmitHttpRequest:requestHandle=0xf8871d50,cluster=cosmos11.osdinfra.net
24-02-16 19:26:47 , Received response with http status code : 200
24-02-16 19:26:48 , SubmitHttpRequest:requestHandle=0xf8872b20,cluster=cosmos11.osdinfra.net
24-02-16 19:26:48 , Received response with http status code : 200
24-02-16 19:26:49 , SubmitHttpRequest:requestHandle=0xf8871ae0,cluster=cosmos11.osdinfra.net
24-02-16 19:26:49 , Received response with http status code : 200
24-02-16 19:26:50 , SubmitHttpRequest:requestHandle=0xf88724a0,cluster=cosmos11.osdinfra.net
24-02-16 19:26:50 , Received response with http status code : 200
24-02-16 19:26:51 , SubmitHttpRequest:requestHandle=0xf88724a0,cluster=cosmos11.osdinfra.net
24-02-16 19:26:51 , Received response with http status code : 200
24-02-16 19:26:52 , SubmitHttpRequest:requestHandle=0xf8873680,cluster=cosmos11.osdinfra.net
24-02-16 19:26:52 , Received response with http status code : 200
24-02-16 19:26:53 , SubmitHttpRequest:requestHandle=0xf8873680,cluster=cosmos11.osdinfra.net
24-02-16 19:26:53 , Received response with http status code : 200
25-02-16 12:57:10 , CosmosClientOptics.dll is already loaded
25-02-16 12:57:10 , SubmitHttpRequest:requestHandle=0xf8803f50,cluster=cosmos11.osdinfra.net
25-02-16 12:57:10 , Received response with http status code : 200
25-02-16 12:57:12 , SubmitHttpRequest:requestHandle=0xf8803f50,cluster=cosmos11.osdinfra.net
25-02-16 12:57:12 , Received response with http status code : 200
25-02-16 12:57:14 , SubmitHttpRequest:requestHandle=0xf8803180,cluster=cosmos11.osdinfra.net
25-02-16 12:57:14 , Received response with http status code : 200
25-02-16 12:57:15 , SubmitHttpRequest:requestHandle=0xf8803ce0,cluster=cosmos11.osdinfra.net
25-02-16 12:57:15 , Received response with http status code : 200
25-02-16 12:57:15 , SubmitHttpRequest:requestHandle=0xf88039a0,cluster=cosmos11.osdinfra.net
25-02-16 12:57:15 , Received response with http status code : 200
25-02-16 12:57:16 , SubmitHttpRequest:requestHandle=0xf88039a0,cluster=cosmos11.osdinfra.net
25-02-16 12:57:17 , Received response with http status code : 200
25-02-16 12:57:17 , SubmitHttpRequest:requestHandle=0xf88039a0,cluster=cosmos11.osdinfra.net
25-02-16 12:57:17 , Received response with http status code : 200
25-02-16 12:57:18 , SubmitHttpRequest:requestHandle=0xf88039a0,cluster=cosmos11.osdinfra.net
25-02-16 12:57:18 , Received response with http status code : 200
25-02-16 12:57:18 , SubmitHttpRequest:requestHandle=0xf88030b0,cluster=cosmos11.osdinfra.net
25-02-16 12:57:18 , Received response with http status code : 200
25-02-16 12:57:19 , SubmitHttpRequest:requestHandle=0xf8803f50,cluster=cosmos11.osdinfra.net
25-02-16 12:57:19 , Received response with http status code : 200
25-02-16 12:57:20 , SubmitHttpRequest:requestHandle=0xf8803320,cluster=cosmos11.osdinfra.net
25-02-16 12:57:20 , Received response with http status code : 200
25-02-16 12:57:20 , SubmitHttpRequest:requestHandle=0xf88039a0,cluster=cosmos11.osdinfra.net
25-02-16 12:57:20 , Received response with http status code : 200
25-02-16 12:57:21 , SubmitHttpRequest:requestHandle=0xf88039a0,cluster=cosmos11.osdinfra.net
25-02-16 12:57:21 , Received response with http status code : 200
25-02-16 12:57:21 , SubmitHttpRequest:requestHandle=0xf8803f50,cluster=cosmos11.osdinfra.net
25-02-16 12:57:22 , Received response with http status code : 200
25-02-16 12:57:22 , SubmitHttpRequest:requestHandle=0xf88039a0,cluster=cosmos11.osdinfra.net
25-02-16 12:57:22 , Received response with http status code : 200
25-02-16 12:57:23 , SubmitHttpRequest:requestHandle=0xf88039a0,cluster=cosmos11.osdinfra.net
25-02-16 12:57:23 , Received response with http status code : 200
25-02-16 12:57:23 , SubmitHttpRequest:requestHandle=0xf8803f50,cluster=cosmos11.osdinfra.net
25-02-16 12:57:23 , Received response with http status code : 200
25-02-16 12:57:24 , SubmitHttpRequest:requestHandle=0xf8803f50,cluster=cosmos11.osdinfra.net
25-02-16 12:57:25 , Received response with http status code : 200
25-02-16 12:57:25 , SubmitHttpRequest:requestHandle=0xf8803180,cluster=cosmos11.osdinfra.net
25-02-16 12:57:25 , Received response with http status code : 200
25-02-16 12:57:25 , SubmitHttpRequest:requestHandle=0xf8803180,cluster=cosmos11.osdinfra.net
25-02-16 12:57:25 , Received response with http status code : 200
25-02-16 13:57:45 , CosmosClientOptics.dll is already loaded
25-02-16 13:57:45 , SubmitHttpRequest:requestHandle=0xf8872300,cluster=cosmos11.osdinfra.net
25-02-16 13:57:45 , Received response with http status code : 200
25-02-16 13:57:46 , SubmitHttpRequest:requestHandle=0xf8872300,cluster=cosmos11.osdinfra.net
25-02-16 13:57:46 , Received response with http status code : 200
25-02-16 13:57:48 , SubmitHttpRequest:requestHandle=0xf8872300,cluster=cosmos11.osdinfra.net
25-02-16 13:57:48 , Received response with http status code : 200
25-02-16 13:57:49 , SubmitHttpRequest:requestHandle=0xf8872710,cluster=cosmos11.osdinfra.net
25-02-16 13:57:49 , Received response with http status code : 200
25-02-16 13:57:50 , SubmitHttpRequest:requestHandle=0xf88734e0,cluster=cosmos11.osdinfra.net
25-02-16 13:57:50 , Received response with http status code : 200
25-02-16 13:57:52 , SubmitHttpRequest:requestHandle=0xf8872980,cluster=cosmos11.osdinfra.net
25-02-16 13:57:52 , Received response with http status code : 200
25-02-16 13:57:52 , SubmitHttpRequest:requestHandle=0xf88731a0,cluster=cosmos11.osdinfra.net
25-02-16 13:57:52 , Received response with http status code : 200
25-02-16 13:57:53 , SubmitHttpRequest:requestHandle=0xf88730d0,cluster=cosmos11.osdinfra.net
25-02-16 13:57:53 , Received response with http status code : 200
25-02-16 13:57:54 , SubmitHttpRequest:requestHandle=0xf88730d0,cluster=cosmos11.osdinfra.net
25-02-16 13:57:54 , Received response with http status code : 200
25-02-16 13:57:54 , SubmitHttpRequest:requestHandle=0xf88730d0,cluster=cosmos11.osdinfra.net
25-02-16 13:57:55 , Received response with http status code : 200
25-02-16 13:57:55 , SubmitHttpRequest:requestHandle=0xf8872300,cluster=cosmos11.osdinfra.net
25-02-16 13:57:55 , Received response with http status code : 200
25-02-16 13:57:56 , SubmitHttpRequest:requestHandle=0xf8872710,cluster=cosmos11.osdinfra.net
25-02-16 13:57:56 , Received response with http status code : 200
25-02-16 13:57:57 , SubmitHttpRequest:requestHandle=0xf88730d0,cluster=cosmos11.osdinfra.net
25-02-16 13:57:57 , Received response with http status code : 200
25-02-16 13:57:58 , SubmitHttpRequest:requestHandle=0xf88728b0,cluster=cosmos11.osdinfra.net
25-02-16 13:57:58 , Received response with http status code : 200
25-02-16 13:58:00 , SubmitHttpRequest:requestHandle=0xf8872980,cluster=cosmos11.osdinfra.net
25-02-16 13:58:00 , Received response with http status code : 200
25-02-16 13:58:01 , SubmitHttpRequest:requestHandle=0xf8872300,cluster=cosmos11.osdinfra.net
25-02-16 13:58:01 , Received response with http status code : 200
25-02-16 13:58:03 , SubmitHttpRequest:requestHandle=0xf8872300,cluster=cosmos11.osdinfra.net
25-02-16 13:58:03 , Received response with http status code : 200
25-02-16 13:58:05 , SubmitHttpRequest:requestHandle=0xf8872300,cluster=cosmos11.osdinfra.net
25-02-16 13:58:05 , Received response with http status code : 200
25-02-16 13:58:06 , SubmitHttpRequest:requestHandle=0xf88734e0,cluster=cosmos11.osdinfra.net
25-02-16 13:58:07 , Received response with http status code : 200
25-02-16 13:58:47 , SubmitHttpRequest:requestHandle=0xf88730d0,cluster=cosmos11.osdinfra.net
